<?xml version="1.0" encoding="UTF-8"?>
<!-- Generated by org.testng.reporters.JUnitReportReporter -->
<testsuite hostname="HFCOLAP113" failures="0" tests="1" name="automationRun.amazonTestCase" time="11.807" errors="0" timestamp="2024-06-12T20:30:59 IST" skipped="0">
  <testcase classname="automationRun.amazonTestCase" name="amazonScenarioTest" time="11.807"/>
</testsuite> <!-- automationRun.amazonTestCase -->
