<?xml version="1.0" encoding="UTF-8"?>
<!-- Generated by org.testng.reporters.JUnitReportReporter -->
<testsuite hostname="HFCOLAP113" failures="0" tests="1" name="automationRun.baseClass" time="0.133" errors="0" timestamp="2024-06-11T23:04:46 IST" skipped="0">
  <testcase classname="automationRun.baseClass" name="amazonScenarioTest" time="0.133"/>
</testsuite> <!-- automationRun.baseClass -->
